[0.537s] Invoking command in '/home/mayank/Desktop/SEM8/Mecha/2022101094/four_bar_linkage_ws/build/four_bar_linkage': PYTHONPATH=/home/mayank/Desktop/SEM8/Mecha/2022101094/four_bar_linkage_ws/build/four_bar_linkage/prefix_override:/usr/lib/python3/dist-packages/colcon_core/task/python/colcon_distutils_commands:/home/mayank/Desktop/SEM8/Mecha/2022101094/four_bar_linkage_ws/install/four_bar_linkage/lib/python3.10/site-packages:${PYTHONPATH} /usr/bin/python3 -W ignore:setup.py install is deprecated -W ignore:easy_install command is deprecated setup.py develop --editable --build-directory /home/mayank/Desktop/SEM8/Mecha/2022101094/four_bar_linkage_ws/build/four_bar_linkage/build --no-deps symlink_data
[0.675s] /home/mayank/.local/lib/python3.10/site-packages/setuptools/_distutils/dist.py:289: UserWarning: Unknown distribution option: 'tests_require'
[0.675s]   warnings.warn(msg)
[0.807s] running develop
[0.990s] running egg_info
[1.002s] creating four_bar_linkage.egg-info
[1.004s] writing four_bar_linkage.egg-info/PKG-INFO
[1.004s] writing dependency_links to four_bar_linkage.egg-info/dependency_links.txt
[1.004s] writing entry points to four_bar_linkage.egg-info/entry_points.txt
[1.004s] writing requirements to four_bar_linkage.egg-info/requires.txt
[1.004s] writing top-level names to four_bar_linkage.egg-info/top_level.txt
[1.004s] writing manifest file 'four_bar_linkage.egg-info/SOURCES.txt'
[1.031s] reading manifest file 'four_bar_linkage.egg-info/SOURCES.txt'
[1.031s] writing manifest file 'four_bar_linkage.egg-info/SOURCES.txt'
[1.045s] running build_ext
[1.045s] Creating /home/mayank/Desktop/SEM8/Mecha/2022101094/four_bar_linkage_ws/install/four_bar_linkage/lib/python3.10/site-packages/four-bar-linkage.egg-link (link to .)
[1.045s] Installing joint_state_publisher script to /home/mayank/Desktop/SEM8/Mecha/2022101094/four_bar_linkage_ws/install/four_bar_linkage/lib/four_bar_linkage
[1.045s] 
[1.045s] Installed /home/mayank/Desktop/SEM8/Mecha/2022101094/four_bar_linkage_ws/build/four_bar_linkage
[1.046s] running symlink_data
[1.046s] creating /home/mayank/Desktop/SEM8/Mecha/2022101094/four_bar_linkage_ws/install/four_bar_linkage/share/ament_index/resource_index/packages
[1.046s] symbolically linking /home/mayank/Desktop/SEM8/Mecha/2022101094/four_bar_linkage_ws/build/four_bar_linkage/resource/four_bar_linkage -> /home/mayank/Desktop/SEM8/Mecha/2022101094/four_bar_linkage_ws/install/four_bar_linkage/share/ament_index/resource_index/packages
[1.046s] symbolically linking /home/mayank/Desktop/SEM8/Mecha/2022101094/four_bar_linkage_ws/build/four_bar_linkage/package.xml -> /home/mayank/Desktop/SEM8/Mecha/2022101094/four_bar_linkage_ws/install/four_bar_linkage/share/four_bar_linkage
[1.046s] creating /home/mayank/Desktop/SEM8/Mecha/2022101094/four_bar_linkage_ws/install/four_bar_linkage/share/four_bar_linkage/urdf
[1.046s] symbolically linking /home/mayank/Desktop/SEM8/Mecha/2022101094/four_bar_linkage_ws/build/four_bar_linkage/urdf/four_bar_linkage.urdf -> /home/mayank/Desktop/SEM8/Mecha/2022101094/four_bar_linkage_ws/install/four_bar_linkage/share/four_bar_linkage/urdf
[1.046s] creating /home/mayank/Desktop/SEM8/Mecha/2022101094/four_bar_linkage_ws/install/four_bar_linkage/share/four_bar_linkage/meshes
[1.047s] symbolically linking /home/mayank/Desktop/SEM8/Mecha/2022101094/four_bar_linkage_ws/build/four_bar_linkage/meshes/Component1_Component4.stl -> /home/mayank/Desktop/SEM8/Mecha/2022101094/four_bar_linkage_ws/install/four_bar_linkage/share/four_bar_linkage/meshes
[1.047s] symbolically linking /home/mayank/Desktop/SEM8/Mecha/2022101094/four_bar_linkage_ws/build/four_bar_linkage/meshes/Component1_Component3.stl -> /home/mayank/Desktop/SEM8/Mecha/2022101094/four_bar_linkage_ws/install/four_bar_linkage/share/four_bar_linkage/meshes
[1.047s] symbolically linking /home/mayank/Desktop/SEM8/Mecha/2022101094/four_bar_linkage_ws/build/four_bar_linkage/meshes/Component1_Component5.stl -> /home/mayank/Desktop/SEM8/Mecha/2022101094/four_bar_linkage_ws/install/four_bar_linkage/share/four_bar_linkage/meshes
[1.047s] symbolically linking /home/mayank/Desktop/SEM8/Mecha/2022101094/four_bar_linkage_ws/build/four_bar_linkage/meshes/Component1_Component2.stl -> /home/mayank/Desktop/SEM8/Mecha/2022101094/four_bar_linkage_ws/install/four_bar_linkage/share/four_bar_linkage/meshes
[1.047s] creating /home/mayank/Desktop/SEM8/Mecha/2022101094/four_bar_linkage_ws/install/four_bar_linkage/share/four_bar_linkage/launch
[1.047s] symbolically linking /home/mayank/Desktop/SEM8/Mecha/2022101094/four_bar_linkage_ws/build/four_bar_linkage/launch/display.launch.py -> /home/mayank/Desktop/SEM8/Mecha/2022101094/four_bar_linkage_ws/install/four_bar_linkage/share/four_bar_linkage/launch
[1.047s] creating /home/mayank/Desktop/SEM8/Mecha/2022101094/four_bar_linkage_ws/install/four_bar_linkage/share/four_bar_linkage/config
[1.047s] symbolically linking /home/mayank/Desktop/SEM8/Mecha/2022101094/four_bar_linkage_ws/build/four_bar_linkage/config/rviz_config.rviz -> /home/mayank/Desktop/SEM8/Mecha/2022101094/four_bar_linkage_ws/install/four_bar_linkage/share/four_bar_linkage/config
[1.074s] Invoked command in '/home/mayank/Desktop/SEM8/Mecha/2022101094/four_bar_linkage_ws/build/four_bar_linkage' returned '0': PYTHONPATH=/home/mayank/Desktop/SEM8/Mecha/2022101094/four_bar_linkage_ws/build/four_bar_linkage/prefix_override:/usr/lib/python3/dist-packages/colcon_core/task/python/colcon_distutils_commands:/home/mayank/Desktop/SEM8/Mecha/2022101094/four_bar_linkage_ws/install/four_bar_linkage/lib/python3.10/site-packages:${PYTHONPATH} /usr/bin/python3 -W ignore:setup.py install is deprecated -W ignore:easy_install command is deprecated setup.py develop --editable --build-directory /home/mayank/Desktop/SEM8/Mecha/2022101094/four_bar_linkage_ws/build/four_bar_linkage/build --no-deps symlink_data
